2026-01-02 13:07:32 Backup successful: /home/cenozex67/QA-DEVOPS_COURSE/DAY_03/backup_project/backups/backup_2026_01_02_13_07.sql.gz
2026-01-02 13:07:32 No rotation needed. Total backups: 1
2026-01-02 13:55:55 Starting backup of practiceDB...
2026-01-02 13:55:58 Backup successful: /home/cenozex67/QA-DEVOPS_COURSE/DAY_03/backup_project/backups/backup_2026_01_02_13_55.sql.gz (Size: 4.0K)
2026-01-02 13:55:58 No rotation needed. Total backups: 3
2026-01-02 13:55:58 Backup script finished.
2026-01-02 13:56:48 Starting backup of practiceDB...
2026-01-02 13:56:48 Backup successful: /home/cenozex67/QA-DEVOPS_COURSE/DAY_03/backup_project/backups/backup_2026_01_02_13_56.sql.gz (Size: 4.0K)
2026-01-02 13:56:48 No rotation needed. Total backups: 1
2026-01-02 13:56:48 Backup script finished.
2026-01-02 14:02:35 Starting backup of practiceDB...
2026-01-02 14:02:36 Backup successful: /home/cenozex67/QA-DEVOPS_COURSE/DAY_03/backup_project/backups/backup_2026_01_02_14_02.sql.gz (Size: 4.0K)
2026-01-02 14:02:36 No rotation needed. Total backups: 2
2026-01-02 14:02:36 Backup script finished.
2026-01-02 14:06:01 Starting backup of practiceDB...
2026-01-02 14:06:02 Backup successful: /home/cenozex67/QA-DEVOPS_COURSE/DAY_03/backup_project/backups/backup_2026_01_02_14_06.sql.gz (Size: 4.0K)
2026-01-02 14:06:02 No rotation needed. Total backups: 3
2026-01-02 14:06:02 Backup script finished.
2026-01-02 14:07:01 Starting backup of practiceDB...
2026-01-02 14:07:02 Backup successful: /home/cenozex67/QA-DEVOPS_COURSE/DAY_03/backup_project/backups/backup_2026_01_02_14_07.sql.gz (Size: 4.0K)
2026-01-02 14:07:02 No rotation needed. Total backups: 4
2026-01-02 14:07:02 Backup script finished.
2026-01-02 14:08:01 Starting backup of practiceDB...
2026-01-02 14:08:02 Backup successful: /home/cenozex67/QA-DEVOPS_COURSE/DAY_03/backup_project/backups/backup_2026_01_02_14_08.sql.gz (Size: 4.0K)
2026-01-02 14:08:02 No rotation needed. Total backups: 5
2026-01-02 14:08:02 Backup script finished.
2026-01-02 14:09:01 Starting backup of practiceDB...
2026-01-02 14:09:02 Backup successful: /home/cenozex67/QA-DEVOPS_COURSE/DAY_03/backup_project/backups/backup_2026_01_02_14_09.sql.gz (Size: 4.0K)
2026-01-02 14:09:02 Rotating 1 old backup(s)
2026-01-02 14:09:02 Deleted old backup: /home/cenozex67/QA-DEVOPS_COURSE/DAY_03/backup_project/backups/backup_2026_01_02_13_56.sql.gz
2026-01-02 14:09:02 Backup script finished.
2026-01-02 14:35:02 Starting backup of practiceDB...
2026-01-02 14:35:03 Backup successful: /home/cenozex67/QA-DEVOPS_COURSE/DAY_03/backup_project/backups/backup_2026_01_02_14_35.sql.gz (Size: 4.0K)
2026-01-02 14:35:03 Rotating 1 old backup(s)
2026-01-02 14:35:03 Deleted old backup: /home/cenozex67/QA-DEVOPS_COURSE/DAY_03/backup_project/backups/backup_2026_01_02_14_02.sql.gz
2026-01-02 14:35:03 Backup script finished.
